
FILES Data:
Array
(
    [code] => 28007
    [message] => Please make sure that the payment made to the vendor is not recorded as zero.
)

FILES Data:
Array
(
    [code] => 28007
    [message] => Please make sure that the payment made to the vendor is not recorded as zero.
)

FILES Data:
Array
(
    [code] => 28007
    [message] => Please make sure that the payment made to the vendor is not recorded as zero.
)

FILES Data:
Array
(
    [code] => 0
    [message] => The payment made to the vendor has been recorded
    [vendorpayment] => Array
        (
            [payment_id] => 401583000056839097
            [vendor_id] => 401583000020700308
            [vendor_name] => CRM MASTERS INFOTECH LLP
            [status] => paid
            [is_online_payment] => 
            [transfer_type] => 
            [branch_id] => 401583000000094044
            [branch_name] => Gurgaon
            [location_id] => 401583000000094044
            [location_name] => Gurgaon
            [payment_mode] => Cash
            [payment_number] => 15980
            [payment_number_prefix] => 
            [payment_number_suffix] => 15980
            [purpose_code] => 
            [custom_fields] => Array
                (
                )

            [custom_field_hash] => Array
                (
                )

            [description] => 
            [documents] => Array
                (
                )

            [date] => 2025-01-23
            [reference_number] => 
            [exchange_rate] => 1
            [tds_tax_id] => 
            [indirect_tds_tax_id] => 
            [indirect_tds_tax_amount] => 0
            [indirect_tcs_tax_id] => 
            [indirect_tcs_tax_amount] => 0
            [indirect_tds_tax_details] => Array
                (
                )

            [indirect_tcs_tax_details] => Array
                (
                )

            [tds_calculation_type] => tds_item_level
            [is_tds_amount_in_percent] => 
            [tds_override_preference] => no_override
            [tds_summary] => Array
                (
                )

            [tax_account_id] => 
            [tax_account_name] => 
            [tax_amount_withheld] => 0
            [amount] => 1
            [total_payment_amount] => 1
            [balance] => 1
            [currency_id] => 401583000000000064
            [currency_code] => INR
            [currency_symbol] => ₹
            [created_time] => 2025-01-23T12:45:06+0530
            [last_modified_time] => 2025-01-23T12:45:06+0530
            [created_by_id] => 401583000020669942
            [created_by_name] => Statiq-CRM
            [credit_account_id] => 
            [paid_through_account_id] => 401583000000000456
            [paid_through_account_name] => Undeposited Funds
            [paid_through_account_type] => cash
            [offset_account_id] => 401583000000009010
            [offset_account_name] => Vendor Advance
            [is_pre_gst] => 
            [source_of_supply] => HR
            [destination_of_supply] => HR
            [gst_treatment] => business_gst
            [tax_treatment] => business_gst
            [gst_return_details] => Array
                (
                    [return_period] => 
                    [status] => 
                )

            [gst_no] => 06AALFC6618F1ZH
            [reverse_charge_tax_id] => 
            [is_advance_payment] => 
            [product_description] => 
            [is_reverse_charge_applied] => 
            [is_ach_payment] => 
            [ach_payment_status] => 
            [billing_address] => Array
                (
                    [address] => 
                    [street2] => 
                    [city] => 
                    [state] => 
                    [zip] => 
                    [country] => 
                    [fax] => 
                    [phone] => 
                    [attention] => 
                )

            [bills] => Array
                (
                )

            [vendorpayment_refunds] => Array
                (
                )

            [comments] => Array
                (
                    [0] => Array
                        (
                            [comment_id] => 401583000056839107
                            [description] => Payment of ₹1.00 made
                            [commented_by_id] => 401583000020669942
                            [commented_by] => Statiq-CRM
                            [date] => 2025-01-23
                            [date_description] => few seconds ago
                            [time] => 12:45 PM
                            [operation_type] => Added
                        )

                )

            [imported_transactions] => Array
                (
                )

            [approvers_list] => Array
                (
                )

            [submitted_date] => 
            [submitted_by] => 
            [submitted_by_name] => 
            [submitted_by_email] => 
            [submitted_by_photo_url] => 
            [submitter_id] => 
            [approver_id] => 
        )

)

FILES Data:
Array
(
    [code] => 28007
    [message] => Please make sure that the payment made to the vendor is not recorded as zero.
)

FILES Data:
Array
(
    [code] => 0
    [message] => The payment made to the vendor has been recorded
    [vendorpayment] => Array
        (
            [payment_id] => 401583000056839125
            [vendor_id] => 401583000020700308
            [vendor_name] => CRM MASTERS INFOTECH LLP
            [status] => paid
            [is_online_payment] => 
            [transfer_type] => 
            [branch_id] => 401583000000094044
            [branch_name] => Gurgaon
            [location_id] => 401583000000094044
            [location_name] => Gurgaon
            [payment_mode] => Cash
            [payment_number] => 15981
            [payment_number_prefix] => 
            [payment_number_suffix] => 15981
            [purpose_code] => 
            [custom_fields] => Array
                (
                )

            [custom_field_hash] => Array
                (
                )

            [description] => 
            [documents] => Array
                (
                )

            [date] => 2025-01-23
            [reference_number] => 
            [exchange_rate] => 1
            [tds_tax_id] => 
            [indirect_tds_tax_id] => 
            [indirect_tds_tax_amount] => 0
            [indirect_tcs_tax_id] => 
            [indirect_tcs_tax_amount] => 0
            [indirect_tds_tax_details] => Array
                (
                )

            [indirect_tcs_tax_details] => Array
                (
                )

            [tds_calculation_type] => tds_item_level
            [is_tds_amount_in_percent] => 
            [tds_override_preference] => no_override
            [tds_summary] => Array
                (
                )

            [tax_account_id] => 
            [tax_account_name] => 
            [tax_amount_withheld] => 0
            [amount] => 1
            [total_payment_amount] => 1
            [balance] => 1
            [currency_id] => 401583000000000064
            [currency_code] => INR
            [currency_symbol] => ₹
            [created_time] => 2025-01-23T12:50:03+0530
            [last_modified_time] => 2025-01-23T12:50:03+0530
            [created_by_id] => 401583000020669942
            [created_by_name] => Statiq-CRM
            [credit_account_id] => 
            [paid_through_account_id] => 401583000000000456
            [paid_through_account_name] => Undeposited Funds
            [paid_through_account_type] => cash
            [offset_account_id] => 401583000000009010
            [offset_account_name] => Vendor Advance
            [is_pre_gst] => 
            [source_of_supply] => HR
            [destination_of_supply] => HR
            [gst_treatment] => business_gst
            [tax_treatment] => business_gst
            [gst_return_details] => Array
                (
                    [return_period] => 
                    [status] => 
                )

            [gst_no] => 06AALFC6618F1ZH
            [reverse_charge_tax_id] => 
            [is_advance_payment] => 
            [product_description] => 
            [is_reverse_charge_applied] => 
            [is_ach_payment] => 
            [ach_payment_status] => 
            [billing_address] => Array
                (
                    [address] => 
                    [street2] => 
                    [city] => 
                    [state] => 
                    [zip] => 
                    [country] => 
                    [fax] => 
                    [phone] => 
                    [attention] => 
                )

            [bills] => Array
                (
                )

            [vendorpayment_refunds] => Array
                (
                )

            [comments] => Array
                (
                    [0] => Array
                        (
                            [comment_id] => 401583000056839135
                            [description] => Payment of ₹1.00 made
                            [commented_by_id] => 401583000020669942
                            [commented_by] => Statiq-CRM
                            [date] => 2025-01-23
                            [date_description] => few seconds ago
                            [time] => 12:50 PM
                            [operation_type] => Added
                        )

                )

            [imported_transactions] => Array
                (
                )

            [approvers_list] => Array
                (
                )

            [submitted_date] => 
            [submitted_by] => 
            [submitted_by_name] => 
            [submitted_by_email] => 
            [submitted_by_photo_url] => 
            [submitter_id] => 
            [approver_id] => 
        )

)

FILES Data:
Array
(
    [code] => 0
    [message] => The payment made to the vendor has been recorded
    [vendorpayment] => Array
        (
            [payment_id] => 401583000056839143
            [vendor_id] => 401583000020700308
            [vendor_name] => CRM MASTERS INFOTECH LLP
            [status] => paid
            [is_online_payment] => 
            [transfer_type] => 
            [branch_id] => 401583000000094044
            [branch_name] => Gurgaon
            [location_id] => 401583000000094044
            [location_name] => Gurgaon
            [payment_mode] => Cash
            [payment_number] => 15982
            [payment_number_prefix] => 
            [payment_number_suffix] => 15982
            [purpose_code] => 
            [custom_fields] => Array
                (
                )

            [custom_field_hash] => Array
                (
                )

            [description] => 
            [documents] => Array
                (
                )

            [date] => 2025-01-23
            [reference_number] => 
            [exchange_rate] => 1
            [tds_tax_id] => 
            [indirect_tds_tax_id] => 
            [indirect_tds_tax_amount] => 0
            [indirect_tcs_tax_id] => 
            [indirect_tcs_tax_amount] => 0
            [indirect_tds_tax_details] => Array
                (
                )

            [indirect_tcs_tax_details] => Array
                (
                )

            [tds_calculation_type] => tds_item_level
            [is_tds_amount_in_percent] => 
            [tds_override_preference] => no_override
            [tds_summary] => Array
                (
                )

            [tax_account_id] => 
            [tax_account_name] => 
            [tax_amount_withheld] => 0
            [amount] => 1
            [total_payment_amount] => 1
            [balance] => 1
            [currency_id] => 401583000000000064
            [currency_code] => INR
            [currency_symbol] => ₹
            [created_time] => 2025-01-23T12:52:25+0530
            [last_modified_time] => 2025-01-23T12:52:25+0530
            [created_by_id] => 401583000020669942
            [created_by_name] => Statiq-CRM
            [credit_account_id] => 
            [paid_through_account_id] => 401583000000000456
            [paid_through_account_name] => Undeposited Funds
            [paid_through_account_type] => cash
            [offset_account_id] => 401583000000009010
            [offset_account_name] => Vendor Advance
            [is_pre_gst] => 
            [source_of_supply] => HR
            [destination_of_supply] => HR
            [gst_treatment] => business_gst
            [tax_treatment] => business_gst
            [gst_return_details] => Array
                (
                    [return_period] => 
                    [status] => 
                )

            [gst_no] => 06AALFC6618F1ZH
            [reverse_charge_tax_id] => 
            [is_advance_payment] => 
            [product_description] => 
            [is_reverse_charge_applied] => 
            [is_ach_payment] => 
            [ach_payment_status] => 
            [billing_address] => Array
                (
                    [address] => 
                    [street2] => 
                    [city] => 
                    [state] => 
                    [zip] => 
                    [country] => 
                    [fax] => 
                    [phone] => 
                    [attention] => 
                )

            [bills] => Array
                (
                )

            [vendorpayment_refunds] => Array
                (
                )

            [comments] => Array
                (
                    [0] => Array
                        (
                            [comment_id] => 401583000056839153
                            [description] => Payment of ₹1.00 made
                            [commented_by_id] => 401583000020669942
                            [commented_by] => Statiq-CRM
                            [date] => 2025-01-23
                            [date_description] => few seconds ago
                            [time] => 12:52 PM
                            [operation_type] => Added
                        )

                )

            [imported_transactions] => Array
                (
                )

            [approvers_list] => Array
                (
                )

            [submitted_date] => 
            [submitted_by] => 
            [submitted_by_name] => 
            [submitted_by_email] => 
            [submitted_by_photo_url] => 
            [submitter_id] => 
            [approver_id] => 
        )

)

FILES Data:
Array
(
    [code] => 0
    [message] => The payment made to the vendor has been recorded
    [vendorpayment] => Array
        (
            [payment_id] => 401583000056833243
            [vendor_id] => 401583000020700308
            [vendor_name] => CRM MASTERS INFOTECH LLP
            [status] => paid
            [is_online_payment] => 
            [transfer_type] => 
            [branch_id] => 401583000000094044
            [branch_name] => Gurgaon
            [location_id] => 401583000000094044
            [location_name] => Gurgaon
            [payment_mode] => Cash
            [payment_number] => 15983
            [payment_number_prefix] => 
            [payment_number_suffix] => 15983
            [purpose_code] => 
            [custom_fields] => Array
                (
                )

            [custom_field_hash] => Array
                (
                )

            [description] => 
            [documents] => Array
                (
                )

            [date] => 2025-01-23
            [reference_number] => 
            [exchange_rate] => 1
            [tds_tax_id] => 
            [indirect_tds_tax_id] => 
            [indirect_tds_tax_amount] => 0
            [indirect_tcs_tax_id] => 
            [indirect_tcs_tax_amount] => 0
            [indirect_tds_tax_details] => Array
                (
                )

            [indirect_tcs_tax_details] => Array
                (
                )

            [tds_calculation_type] => tds_item_level
            [is_tds_amount_in_percent] => 
            [tds_override_preference] => no_override
            [tds_summary] => Array
                (
                )

            [tax_account_id] => 
            [tax_account_name] => 
            [tax_amount_withheld] => 0
            [amount] => 1
            [total_payment_amount] => 1
            [balance] => 1
            [currency_id] => 401583000000000064
            [currency_code] => INR
            [currency_symbol] => ₹
            [created_time] => 2025-01-23T12:54:07+0530
            [last_modified_time] => 2025-01-23T12:54:07+0530
            [created_by_id] => 401583000020669942
            [created_by_name] => Statiq-CRM
            [credit_account_id] => 
            [paid_through_account_id] => 401583000000000456
            [paid_through_account_name] => Undeposited Funds
            [paid_through_account_type] => cash
            [offset_account_id] => 401583000000009010
            [offset_account_name] => Vendor Advance
            [is_pre_gst] => 
            [source_of_supply] => HR
            [destination_of_supply] => HR
            [gst_treatment] => business_gst
            [tax_treatment] => business_gst
            [gst_return_details] => Array
                (
                    [return_period] => 
                    [status] => 
                )

            [gst_no] => 06AALFC6618F1ZH
            [reverse_charge_tax_id] => 
            [is_advance_payment] => 
            [product_description] => 
            [is_reverse_charge_applied] => 
            [is_ach_payment] => 
            [ach_payment_status] => 
            [billing_address] => Array
                (
                    [address] => 
                    [street2] => 
                    [city] => 
                    [state] => 
                    [zip] => 
                    [country] => 
                    [fax] => 
                    [phone] => 
                    [attention] => 
                )

            [bills] => Array
                (
                )

            [vendorpayment_refunds] => Array
                (
                )

            [comments] => Array
                (
                    [0] => Array
                        (
                            [comment_id] => 401583000056833253
                            [description] => Payment of ₹1.00 made
                            [commented_by_id] => 401583000020669942
                            [commented_by] => Statiq-CRM
                            [date] => 2025-01-23
                            [date_description] => few seconds ago
                            [time] => 12:54 PM
                            [operation_type] => Added
                        )

                )

            [imported_transactions] => Array
                (
                )

            [approvers_list] => Array
                (
                )

            [submitted_date] => 
            [submitted_by] => 
            [submitted_by_name] => 
            [submitted_by_email] => 
            [submitted_by_photo_url] => 
            [submitter_id] => 
            [approver_id] => 
        )

)

FILES Data:
Array
(
    [code] => 28007
    [message] => Please make sure that the payment made to the vendor is not recorded as zero.
)

FILES Data:
Array
(
    [code] => 0
    [message] => The payment made to the vendor has been recorded
    [vendorpayment] => Array
        (
            [payment_id] => 401583000056833281
            [vendor_id] => 401583000020700308
            [vendor_name] => CRM MASTERS INFOTECH LLP
            [status] => paid
            [is_online_payment] => 
            [transfer_type] => 
            [branch_id] => 401583000000094044
            [branch_name] => Gurgaon
            [location_id] => 401583000000094044
            [location_name] => Gurgaon
            [payment_mode] => Cash
            [payment_number] => 15985
            [payment_number_prefix] => 
            [payment_number_suffix] => 15985
            [purpose_code] => 
            [custom_fields] => Array
                (
                )

            [custom_field_hash] => Array
                (
                )

            [description] => 
            [documents] => Array
                (
                )

            [date] => 2025-01-23
            [reference_number] => 
            [exchange_rate] => 1
            [tds_tax_id] => 
            [indirect_tds_tax_id] => 
            [indirect_tds_tax_amount] => 0
            [indirect_tcs_tax_id] => 
            [indirect_tcs_tax_amount] => 0
            [indirect_tds_tax_details] => Array
                (
                )

            [indirect_tcs_tax_details] => Array
                (
                )

            [tds_calculation_type] => tds_item_level
            [is_tds_amount_in_percent] => 
            [tds_override_preference] => no_override
            [tds_summary] => Array
                (
                )

            [tax_account_id] => 
            [tax_account_name] => 
            [tax_amount_withheld] => 0
            [amount] => 1
            [total_payment_amount] => 1
            [balance] => 1
            [currency_id] => 401583000000000064
            [currency_code] => INR
            [currency_symbol] => ₹
            [created_time] => 2025-01-23T13:03:36+0530
            [last_modified_time] => 2025-01-23T13:03:36+0530
            [created_by_id] => 401583000020669942
            [created_by_name] => Statiq-CRM
            [credit_account_id] => 
            [paid_through_account_id] => 401583000000000456
            [paid_through_account_name] => Undeposited Funds
            [paid_through_account_type] => cash
            [offset_account_id] => 401583000000009010
            [offset_account_name] => Vendor Advance
            [is_pre_gst] => 
            [source_of_supply] => HR
            [destination_of_supply] => HR
            [gst_treatment] => business_gst
            [tax_treatment] => business_gst
            [gst_return_details] => Array
                (
                    [return_period] => 
                    [status] => 
                )

            [gst_no] => 06AALFC6618F1ZH
            [reverse_charge_tax_id] => 
            [is_advance_payment] => 
            [product_description] => 
            [is_reverse_charge_applied] => 
            [is_ach_payment] => 
            [ach_payment_status] => 
            [billing_address] => Array
                (
                    [address] => 
                    [street2] => 
                    [city] => 
                    [state] => 
                    [zip] => 
                    [country] => 
                    [fax] => 
                    [phone] => 
                    [attention] => 
                )

            [bills] => Array
                (
                )

            [vendorpayment_refunds] => Array
                (
                )

            [comments] => Array
                (
                    [0] => Array
                        (
                            [comment_id] => 401583000056833291
                            [description] => Payment of ₹1.00 made
                            [commented_by_id] => 401583000020669942
                            [commented_by] => Statiq-CRM
                            [date] => 2025-01-23
                            [date_description] => few seconds ago
                            [time] => 1:03 PM
                            [operation_type] => Added
                        )

                )

            [imported_transactions] => Array
                (
                )

            [approvers_list] => Array
                (
                )

            [submitted_date] => 
            [submitted_by] => 
            [submitted_by_name] => 
            [submitted_by_email] => 
            [submitted_by_photo_url] => 
            [submitter_id] => 
            [approver_id] => 
        )

)

FILES Data:
Array
(
    [code] => 0
    [message] => The payment made to the vendor has been recorded
    [vendorpayment] => Array
        (
            [payment_id] => 401583000056830278
            [vendor_id] => 401583000020700308
            [vendor_name] => CRM MASTERS INFOTECH LLP
            [status] => paid
            [is_online_payment] => 
            [transfer_type] => 
            [branch_id] => 401583000000094044
            [branch_name] => Gurgaon
            [location_id] => 401583000000094044
            [location_name] => Gurgaon
            [payment_mode] => Cash
            [payment_number] => 15986
            [payment_number_prefix] => 
            [payment_number_suffix] => 15986
            [purpose_code] => 
            [custom_fields] => Array
                (
                )

            [custom_field_hash] => Array
                (
                )

            [description] => 
            [documents] => Array
                (
                )

            [date] => 2025-01-23
            [reference_number] => 
            [exchange_rate] => 1
            [tds_tax_id] => 
            [indirect_tds_tax_id] => 
            [indirect_tds_tax_amount] => 0
            [indirect_tcs_tax_id] => 
            [indirect_tcs_tax_amount] => 0
            [indirect_tds_tax_details] => Array
                (
                )

            [indirect_tcs_tax_details] => Array
                (
                )

            [tds_calculation_type] => tds_item_level
            [is_tds_amount_in_percent] => 
            [tds_override_preference] => no_override
            [tds_summary] => Array
                (
                )

            [tax_account_id] => 
            [tax_account_name] => 
            [tax_amount_withheld] => 0
            [amount] => 1
            [total_payment_amount] => 1
            [balance] => 1
            [currency_id] => 401583000000000064
            [currency_code] => INR
            [currency_symbol] => ₹
            [created_time] => 2025-01-23T13:03:58+0530
            [last_modified_time] => 2025-01-23T13:03:58+0530
            [created_by_id] => 401583000020669942
            [created_by_name] => Statiq-CRM
            [credit_account_id] => 
            [paid_through_account_id] => 401583000000000456
            [paid_through_account_name] => Undeposited Funds
            [paid_through_account_type] => cash
            [offset_account_id] => 401583000000009010
            [offset_account_name] => Vendor Advance
            [is_pre_gst] => 
            [source_of_supply] => HR
            [destination_of_supply] => HR
            [gst_treatment] => business_gst
            [tax_treatment] => business_gst
            [gst_return_details] => Array
                (
                    [return_period] => 
                    [status] => 
                )

            [gst_no] => 06AALFC6618F1ZH
            [reverse_charge_tax_id] => 
            [is_advance_payment] => 
            [product_description] => 
            [is_reverse_charge_applied] => 
            [is_ach_payment] => 
            [ach_payment_status] => 
            [billing_address] => Array
                (
                    [address] => 
                    [street2] => 
                    [city] => 
                    [state] => 
                    [zip] => 
                    [country] => 
                    [fax] => 
                    [phone] => 
                    [attention] => 
                )

            [bills] => Array
                (
                )

            [vendorpayment_refunds] => Array
                (
                )

            [comments] => Array
                (
                    [0] => Array
                        (
                            [comment_id] => 401583000056830288
                            [description] => Payment of ₹1.00 made
                            [commented_by_id] => 401583000020669942
                            [commented_by] => Statiq-CRM
                            [date] => 2025-01-23
                            [date_description] => few seconds ago
                            [time] => 1:03 PM
                            [operation_type] => Added
                        )

                )

            [imported_transactions] => Array
                (
                )

            [approvers_list] => Array
                (
                )

            [submitted_date] => 
            [submitted_by] => 
            [submitted_by_name] => 
            [submitted_by_email] => 
            [submitted_by_photo_url] => 
            [submitter_id] => 
            [approver_id] => 
        )

)

FILES Data:
Array
(
    [cf_payment_type] => Advance
    [cf_purchase_order] => 401583000056853026
    [cf_days] => 5
    [cf_due_date] => 2025-01-28
    [cf_due_amount] => 35400.00
)

FILES Data:
Array
(
    [cf_payment_type] => Pre Delivery
    [cf_purchase_order] => 401583000056853026
    [cf_days] => 10
    [cf_due_date] => 2025-02-02
    [cf_due_amount] => 47200.00
)

FILES Data:
Array
(
    [code] => 0
    [message] => Running Payment Terms is created successfully.
    [module_record] => Array
        (
            [module_record_id] => 401583000056839762
            [module_api_name] => cm_running_payment_terms
            [last_modified_time] => 2025-01-23T15:50:06+0530
            [last_modified_time_formatted] => 23-01-2025 03:50 PM
            [created_time] => 2025-01-23T15:50:06+0530
            [created_time_formatted] => 23-01-2025 03:50 PM
            [created_by_id] => 401583000020669942
            [last_modified_by_id] => 401583000020669942
            [status] => draft
            [status_formatted] => Draft
            [cf_grand_total] => 
            [cf_grand_total_formatted] => 
            [cf_record_id] => 025
            [cf_record_id_formatted] => 025
            [cf_days] => 5
            [cf_days_formatted] => 5
            [cf_cm_item_details_1] => 
            [cf_cm_item_details_1_formatted] => 
            [cf_purchase_order] => 401583000056853026
            [cf_purchase_order_formatted] => PO-2024-25/02165
            [cf_due_amount] => 35400
            [cf_due_amount_formatted] => 35400.00
            [cf_payment_type] => Advance
            [cf_payment_type_formatted] => Advance
            [cf_due_date] => 2025-01-28
            [cf_due_date_formatted] => 28-01-2025
            [cf_approve_status] => 
            [cf_approve_status_formatted] => 
            [cf_percentage] => 
            [cf_percentage_formatted] => 
            [record_created_by] => 401583000020669942
            [record_created_by_formatted] => Statiq-CRM
            [record_last_modified_by] => 401583000020669942
            [record_last_modified_by_formatted] => Statiq-CRM
            [record_name] => 025
            [record_name_formatted] => 025
        )

)

FILES Data:
Array
(
    [code] => 0
    [message] => Running Payment Terms is created successfully.
    [module_record] => Array
        (
            [module_record_id] => 401583000056854178
            [module_api_name] => cm_running_payment_terms
            [last_modified_time] => 2025-01-23T15:50:06+0530
            [last_modified_time_formatted] => 23-01-2025 03:50 PM
            [created_time] => 2025-01-23T15:50:06+0530
            [created_time_formatted] => 23-01-2025 03:50 PM
            [created_by_id] => 401583000020669942
            [last_modified_by_id] => 401583000020669942
            [status] => draft
            [status_formatted] => Draft
            [cf_grand_total] => 
            [cf_grand_total_formatted] => 
            [cf_record_id] => 024
            [cf_record_id_formatted] => 024
            [cf_days] => 10
            [cf_days_formatted] => 10
            [cf_cm_item_details_1] => 
            [cf_cm_item_details_1_formatted] => 
            [cf_purchase_order] => 401583000056853026
            [cf_purchase_order_formatted] => PO-2024-25/02165
            [cf_due_amount] => 47200
            [cf_due_amount_formatted] => 47200.00
            [cf_payment_type] => Pre Delivery
            [cf_payment_type_formatted] => Pre Delivery
            [cf_due_date] => 2025-02-02
            [cf_due_date_formatted] => 02-02-2025
            [cf_approve_status] => 
            [cf_approve_status_formatted] => 
            [cf_percentage] => 
            [cf_percentage_formatted] => 
            [record_created_by] => 401583000020669942
            [record_created_by_formatted] => Statiq-CRM
            [record_last_modified_by] => 401583000020669942
            [record_last_modified_by_formatted] => Statiq-CRM
            [record_name] => 024
            [record_name_formatted] => 024
        )

)

FILES Data:
Array
(
    [cf_payment_type] => Advance
    [cf_purchase_order] => 401583000056830899
    [cf_days] => 15
    [cf_due_date] => 2025-02-07
    [cf_due_amount] => 3540.00
)
00
)

FILES Data:
Array
(
    [code] => 0
    [message] => Running Payment Terms is created successfully.
    [module_record] => Array
        (
            [module_record_id] => 401583000056854725
            [module_api_name] => cm_running_payment_terms
            [last_modified_time] => 2025-01-23T17:24:18+0530
            [last_modified_time_formatted] => 23-01-2025 05:24 PM
            [created_time] => 2025-01-23T17:24:18+0530
            [created_time_formatted] => 23-01-2025 05:24 PM
            [created_by_id] => 401583000020669942
            [last_modified_by_id] => 401583000020669942
            [status] => draft
            [status_formatted] => Draft
            [cf_grand_total] => 
            [cf_grand_total_formatted] => 
            [cf_record_id] => 026
            [cf_record_id_formatted] => 026
            [cf_days] => 10
            [cf_days_formatted] => 10
            [cf_cm_item_details_1] => 
            [cf_cm_item_details_1_formatted] => 
            [cf_purchase_order] => 401583000056830899
            [cf_purchase_order_formatted] => PO-2024-25/02162
            [cf_due_amount] => 4720
            [cf_due_amount_formatted] => 4720.00
            [cf_payment_type] => Pre Delivery
            [cf_payment_type_formatted] => Pre Delivery
            [cf_due_date] => 2025-02-02
            [cf_due_date_formatted] => 02-02-2025
            [cf_approve_status] => 
            [cf_approve_status_formatted] => 
            [cf_percentage] => 
            [cf_percentage_formatted] => 
            [record_created_by] => 401583000020669942
            [record_created_by_formatted] => Statiq-CRM
            [record_last_modified_by] => 401583000020669942
            [record_last_modified_by_formatted] => Statiq-CRM
            [record_name] => 026
            [record_name_formatted] => 026
        )

)

FILES Data:
Array
(
    [code] => 0
    [message] => Running Payment Terms is created successfully.
    [module_record] => Array
        (
            [module_record_id] => 401583000056865627
            [module_api_name] => cm_running_payment_terms
            [last_modified_time] => 2025-01-23T17:24:18+0530
            [last_modified_time_formatted] => 23-01-2025 05:24 PM
            [created_time] => 2025-01-23T17:24:18+0530
            [created_time_formatted] => 23-01-2025 05:24 PM
            [created_by_id] => 401583000020669942
            [last_modified_by_id] => 401583000020669942
            [status] => draft
            [status_formatted] => Draft
            [cf_grand_total] => 
            [cf_grand_total_formatted] => 
            [cf_record_id] => 027
            [cf_record_id_formatted] => 027
            [cf_days] => 15
            [cf_days_formatted] => 15
            [cf_cm_item_details_1] => 
            [cf_cm_item_details_1_formatted] => 
            [cf_purchase_order] => 401583000056830899
            [cf_purchase_order_formatted] => PO-2024-25/02162
            [cf_due_amount] => 3540
            [cf_due_amount_formatted] => 3540.00
            [cf_payment_type] => Advance
            [cf_payment_type_formatted] => Advance
            [cf_due_date] => 2025-02-07
            [cf_due_date_formatted] => 07-02-2025
            [cf_approve_status] => 
            [cf_approve_status_formatted] => 
            [cf_percentage] => 
            [cf_percentage_formatted] => 
            [record_created_by] => 401583000020669942
            [record_created_by_formatted] => Statiq-CRM
            [record_last_modified_by] => 401583000020669942
            [record_last_modified_by_formatted] => Statiq-CRM
            [record_name] => 027
            [record_name_formatted] => 027
        )

)
