
FILES Data:
Array
(
)

FILES Data:
Array
(
    [amount] => 0
)

FILES Data:
Array
(
    [amount] => 0
)

FILES Data:
Array
(
    [amount] => 0
)

FILES Data:
401583000020700308
FILES Data:
Array
(
    [vendor_id] => 401583000020700308
    [vendor_name] => CRM MASTERS INFOTECH LLP
    [amount] => 0
)

FILES Data:
Array
(
    [vendor_id] => 401583000020700308
    [vendor_name] => CRM MASTERS INFOTECH LLP
    [amount] => 0
)
\moduleFields Data:
Array
(
    [vendor_id] => 401583000020700308
    [vendor_name] => CRM MASTERS INFOTECH LLP
    [amount] => 0
)
\moduleFields Data:
Array
(
    [vendor_id] => 401583000020700308
    [vendor_name] => CRM MASTERS INFOTECH LLP
    [amount] => 1
)
\moduleFields Data:
Array
(
    [vendor_id] => 401583000020700308
    [vendor_name] => CRM MASTERS INFOTECH LLP
    [amount] => 0
)
\moduleFields Data:
Array
(
    [vendor_id] => 401583000020700308
    [vendor_name] => CRM MASTERS INFOTECH LLP
    [amount] => 0
)
\moduleFields Data:
Array
(
    [vendor_id] => 401583000020700308
    [vendor_name] => CRM MASTERS INFOTECH LLP
    [amount] => 1
)
\moduleFields Data:
Array
(
    [vendor_id] => 401583000020700308
    [vendor_name] => CRM MASTERS INFOTECH LLP
    [amount] => 1
)
\moduleFields Data:
Array
(
    [vendor_id] => 401583000020700308
    [vendor_name] => CRM MASTERS INFOTECH LLP
    [amount] => 1
)
\moduleFields Data:
Array
(
    [vendor_id] => 401583000020700308
    [vendor_name] => CRM MASTERS INFOTECH LLP
    [amount] => 0
)
\moduleFields Data:
Array
(
    [vendor_id] => 401583000020700308
    [vendor_name] => CRM MASTERS INFOTECH LLP
    [amount] => 1
)
\moduleFields Data:
Array
(
    [vendor_id] => 401583000020700308
    [vendor_name] => CRM MASTERS INFOTECH LLP
    [amount] => 1
)
\moduleFields Data:
Array
(
    [vendor_id] => 401583000020700308
    [vendor_name] => CRM MASTERS INFOTECH LLP
    [amount] => 1
)
\moduleFields Data:
Array
(
    [vendor_id] => 401583000020700308
    [vendor_name] => CRM MASTERS INFOTECH LLP
    [amount] => 0
)
\moduleFields Data:
Array
(
    [vendor_id] => 401583000020700308
    [vendor_name] => CRM MASTERS INFOTECH LLP
    [amount] => 1
)
\moduleFields Data:
Array
(
    [vendor_id] => 401583000020700308
    [vendor_name] => CRM MASTERS INFOTECH LLP
    [amount] => 1
)
\moduleFields Data:
Array
(
    [vendor_id] => 401583000020700308
    [vendor_name] => CRM MASTERS INFOTECH LLP
    [amount] => 1
)
\moduleFields Data:
Array
(
    [vendor_id] => 401583000020700308
    [vendor_name] => CRM MASTERS INFOTECH LLP
    [amount] => 1
)
\moduleFields Data:
Array
(
    [vendor_id] => 401583000020700308
    [vendor_name] => CRM MASTERS INFOTECH LLP
    [amount] => 47200
)
\moduleFields Data:
Array
(
    [vendor_id] => 401583000020700308
    [vendor_name] => CRM MASTERS INFOTECH LLP
    [amount] => 0
)
\moduleFields Data:
Array
(
    [vendor_id] => 401583000020700308
    [vendor_name] => CRM MASTERS INFOTECH LLP
    [amount] => 0
)
\moduleFields Data:
Array
(
    [vendor_id] => 401583000020700308
    [vendor_name] => CRM MASTERS INFOTECH LLP
    [amount] => 1
)
\moduleFields Data:
Array
(
    [vendor_id] => 401583000020700308
    [vendor_name] => CRM MASTERS INFOTECH LLP
    [amount] => 1
)
